Using pre-set license
Built from '2020.2/release' branch; Version is '2020.2.1f1 (270dd8c3da1c) revision 2559448'; Using compiler version '192528614'; Build Type 'Release'
OS: 'Windows 10  (10.0.0) 64bit' Language: 'es' Physical Memory: 8157 MB
BatchMode: 1, IsHumanControllingUs: 0, StartBugReporterOnCrash: 0, Is64bit: 1, IsPro: 0

 COMMAND LINE ARGUMENTS:
C:\Program Files\Unity\Hub\Editor\2020.2.1f1\Editor\Unity.exe
-adb2
-batchMode
-noUpm
-name
AssetImportWorker0
-projectPath
C:/msys64/home/the_l/the_lovers/the_lovers
-logFile
Logs/AssetImportWorker0.log
-srvPort
56548
Successfully changed project path to: C:/msys64/home/the_l/the_lovers/the_lovers
C:/msys64/home/the_l/the_lovers/the_lovers
Using Asset Import Pipeline V2.
Refreshing native plugins compatible for Editor in 50.00 ms, found 1 plugins.
Preloading 0 native plugins for Editor in 0.00 ms.
Initialize engine version: 2020.2.1f1 (270dd8c3da1c)
[Subsystems] Discovering subsystems at path C:/Program Files/Unity/Hub/Editor/2020.2.1f1/Editor/Data/Resources/UnitySubsystems
[Subsystems] Discovering subsystems at path C:/msys64/home/the_l/the_lovers/the_lovers/Assets
GfxDevice: creating device client; threaded=0
Direct3D:
    Version:  Direct3D 11.0 [level 11.0]
    Renderer: NVIDIA GeForce GTX 750 Ti (ID=0x1380)
    Vendor:   
    VRAM:     2007 MB
    Driver:   27.21.14.5671
Initialize mono
Mono path[0] = 'C:/Program Files/Unity/Hub/Editor/2020.2.1f1/Editor/Data/Managed'
Mono path[1] = 'C:/Program Files/Unity/Hub/Editor/2020.2.1f1/Editor/Data/MonoBleedingEdge/lib/mono/unityjit'
Mono config path = 'C:/Program Files/Unity/Hub/Editor/2020.2.1f1/Editor/Data/MonoBleedingEdge/etc'
Using monoOptions --debugger-agent=transport=dt_socket,embedding=1,server=y,suspend=n,address=127.0.0.1:56516
Begin MonoManager ReloadAssembly
Registering precompiled unity dll's ...
Register platform support module: C:/Program Files/Unity/Hub/Editor/2020.2.1f1/Editor/Data/PlaybackEngines/WebGLSupport/UnityEditor.WebGL.Extensions.dll
Register platform support module: C:/Program Files/Unity/Hub/Editor/2020.2.1f1/Editor/Data/PlaybackEngines/MacStandaloneSupport/UnityEditor.OSXStandalone.Extensions.dll
Register platform support module: C:/Program Files/Unity/Hub/Editor/2020.2.1f1/Editor/Data/PlaybackEngines/WindowsStandaloneSupport/UnityEditor.WindowsStandalone.Extensions.dll
Register platform support module: C:/Program Files/Unity/Hub/Editor/2020.2.1f1/Editor/Data/PlaybackEngines/LinuxStandaloneSupport/UnityEditor.LinuxStandalone.Extensions.dll
Registered in 0.007423 seconds.
Native extension for LinuxStandalone target not found
Native extension for WindowsStandalone target not found
Native extension for OSXStandalone target not found
Native extension for WebGL target not found
Refreshing native plugins compatible for Editor in 47.03 ms, found 1 plugins.
Preloading 0 native plugins for Editor in 0.00 ms.
Invoked RoslynAnalysisRunner static constructor.
RoslynAnalysisRunner will not be running.
RoslynAnalysisRunner has terminated.
Mono: successfully reloaded assembly
- Completed reload, in 18.660 seconds
Platform modules already initialized, skipping
Registering precompiled user dll's ...
Registered in 0.003040 seconds.
Begin MonoManager ReloadAssembly
Native extension for LinuxStandalone target not found
Native extension for WindowsStandalone target not found
Native extension for OSXStandalone target not found
Native extension for WebGL target not found
Refreshing native plugins compatible for Editor in 42.96 ms, found 1 plugins.
Preloading 0 native plugins for Editor in 0.00 ms.
Invoked RoslynAnalysisRunner static constructor.
RoslynAnalysisRunner will not be running.
RoslynAnalysisRunner has terminated.
Mono: successfully reloaded assembly
- Completed reload, in  1.273 seconds
Platform modules already initialized, skipping
========================================================================
Worker process is ready to serve import requests
Launched and connected shader compiler UnityShaderCompiler.exe after 0.08 seconds
Refreshing native plugins compatible for Editor in 0.39 ms, found 1 plugins.
Preloading 0 native plugins for Editor in 0.00 ms.
Unloading 1798 Unused Serialized files (Serialized files now loaded: 0)
System memory in use before: 84.0 MB.
System memory in use after: 84.0 MB.

Unloading 24 unused Assets to reduce memory usage. Loaded Objects now: 2238.
Total: 2.243000 ms (FindLiveObjects: 0.228800 ms CreateObjectMapping: 0.091100 ms MarkObjects: 1.803600 ms  DeleteObjects: 0.117900 ms)

========================================================================
Received Import Request.
  path: Assets/Prefab/BloqueFecha.prefab
  artifactKey: Guid(e4d2817edd927d8409228819b2127a11) Importer(815301076,1909f56bfc062723c751e8b465ee728b)
Start importing Assets/Prefab/BloqueFecha.prefab using Guid(e4d2817edd927d8409228819b2127a11) Importer(815301076,1909f56bfc062723c751e8b465ee728b)  -> (artifact id: '495fc237d5bb8cce27826f5de1bfeb3e') in 0.092461 seconds
  Import took 0.101875 seconds .

========================================================================
Received Import Request.
  Time since last request: 0.042241 seconds.
  path: Assets/Prefab/BloqueFecha.prefab
  artifactKey: Guid(e4d2817edd927d8409228819b2127a11) Importer(815301076,1909f56bfc062723c751e8b465ee728b)
Start importing Assets/Prefab/BloqueFecha.prefab using Guid(e4d2817edd927d8409228819b2127a11) Importer(815301076,1909f56bfc062723c751e8b465ee728b)  -> (artifact id: '495fc237d5bb8cce27826f5de1bfeb3e') in 0.008957 seconds
  Import took 0.014216 seconds .

========================================================================
Received Prepare
Registering precompiled user dll's ...
Registered in 0.001173 seconds.
Begin MonoManager ReloadAssembly
Native extension for LinuxStandalone target not found
Native extension for WindowsStandalone target not found
Native extension for OSXStandalone target not found
Native extension for WebGL target not found
Refreshing native plugins compatible for Editor in 0.44 ms, found 1 plugins.
Preloading 0 native plugins for Editor in 0.00 ms.
Invoked RoslynAnalysisRunner static constructor.
RoslynAnalysisRunner will not be running.
RoslynAnalysisRunner has terminated.
Mono: successfully reloaded assembly
- Completed reload, in  1.341 seconds
Platform modules already initialized, skipping
Refreshing native plugins compatible for Editor in 0.57 ms, found 1 plugins.
Preloading 0 native plugins for Editor in 0.00 ms.
Unloading 1793 Unused Serialized files (Serialized files now loaded: 0)
System memory in use before: 84.0 MB.
System memory in use after: 84.0 MB.

Unloading 12 unused Assets to reduce memory usage. Loaded Objects now: 2241.
Total: 4.457900 ms (FindLiveObjects: 0.272600 ms CreateObjectMapping: 0.114300 ms MarkObjects: 3.962900 ms  DeleteObjects: 0.106300 ms)

========================================================================
Received Import Request.
  Time since last request: 23.413607 seconds.
  path: Assets/Prefab/BloqueFecha.prefab
  artifactKey: Guid(e4d2817edd927d8409228819b2127a11) Importer(815301076,1909f56bfc062723c751e8b465ee728b)
Start importing Assets/Prefab/BloqueFecha.prefab using Guid(e4d2817edd927d8409228819b2127a11) Importer(815301076,1909f56bfc062723c751e8b465ee728b)  -> (artifact id: '18e76c6ce457694856e2ecd6992ca11f') in 0.215808 seconds
  Import took 0.221193 seconds .

========================================================================
Received Prepare
Registering precompiled user dll's ...
Registered in 0.003907 seconds.
Begin MonoManager ReloadAssembly
Native extension for LinuxStandalone target not found
Native extension for WindowsStandalone target not found
Native extension for OSXStandalone target not found
Native extension for WebGL target not found
Refreshing native plugins compatible for Editor in 0.46 ms, found 1 plugins.
Preloading 0 native plugins for Editor in 0.00 ms.
Invoked RoslynAnalysisRunner static constructor.
RoslynAnalysisRunner will not be running.
RoslynAnalysisRunner has terminated.
Mono: successfully reloaded assembly
- Completed reload, in  1.214 seconds
Platform modules already initialized, skipping
Refreshing native plugins compatible for Editor in 0.50 ms, found 1 plugins.
Preloading 0 native plugins for Editor in 0.00 ms.
Unloading 1793 Unused Serialized files (Serialized files now loaded: 0)
System memory in use before: 87.2 MB.
System memory in use after: 87.2 MB.

Unloading 12 unused Assets to reduce memory usage. Loaded Objects now: 2251.
Total: 3.292700 ms (FindLiveObjects: 0.222100 ms CreateObjectMapping: 0.132200 ms MarkObjects: 2.743300 ms  DeleteObjects: 0.191100 ms)

========================================================================
Received Import Request.
  Time since last request: 23.469495 seconds.
  path: Assets/Prefab/BloqueFecha.prefab
  artifactKey: Guid(e4d2817edd927d8409228819b2127a11) Importer(815301076,1909f56bfc062723c751e8b465ee728b)
Start importing Assets/Prefab/BloqueFecha.prefab using Guid(e4d2817edd927d8409228819b2127a11) Importer(815301076,1909f56bfc062723c751e8b465ee728b)  -> (artifact id: '1b615d34c50c95c69ac47542427d1762') in 0.071091 seconds
  Import took 0.079521 seconds .

========================================================================
Received Import Request.
  Time since last request: 0.031575 seconds.
  path: Assets/Prefab/BloqueFecha.prefab
  artifactKey: Guid(e4d2817edd927d8409228819b2127a11) Importer(815301076,1909f56bfc062723c751e8b465ee728b)
Start importing Assets/Prefab/BloqueFecha.prefab using Guid(e4d2817edd927d8409228819b2127a11) Importer(815301076,1909f56bfc062723c751e8b465ee728b)  -> (artifact id: '1b615d34c50c95c69ac47542427d1762') in 0.012512 seconds
  Import took 0.016292 seconds .

========================================================================
Received Prepare
Registering precompiled user dll's ...
Registered in 0.001091 seconds.
Begin MonoManager ReloadAssembly
Native extension for LinuxStandalone target not found
Native extension for WindowsStandalone target not found
Native extension for OSXStandalone target not found
Native extension for WebGL target not found
Refreshing native plugins compatible for Editor in 0.40 ms, found 1 plugins.
Preloading 0 native plugins for Editor in 0.00 ms.
Invoked RoslynAnalysisRunner static constructor.
RoslynAnalysisRunner will not be running.
RoslynAnalysisRunner has terminated.
Mono: successfully reloaded assembly
- Completed reload, in  1.105 seconds
Platform modules already initialized, skipping
Refreshing native plugins compatible for Editor in 0.43 ms, found 1 plugins.
Preloading 0 native plugins for Editor in 0.00 ms.
Unloading 1793 Unused Serialized files (Serialized files now loaded: 0)
System memory in use before: 87.3 MB.
System memory in use after: 87.3 MB.

Unloading 12 unused Assets to reduce memory usage. Loaded Objects now: 2255.
Total: 7.829900 ms (FindLiveObjects: 0.821600 ms CreateObjectMapping: 0.256400 ms MarkObjects: 6.620300 ms  DeleteObjects: 0.127600 ms)

========================================================================
Received Prepare
Registering precompiled user dll's ...
Registered in 0.001425 seconds.
Begin MonoManager ReloadAssembly
Native extension for LinuxStandalone target not found
Native extension for WindowsStandalone target not found
Native extension for OSXStandalone target not found
Native extension for WebGL target not found
Refreshing native plugins compatible for Editor in 0.78 ms, found 1 plugins.
Preloading 0 native plugins for Editor in 0.00 ms.
Invoked RoslynAnalysisRunner static constructor.
RoslynAnalysisRunner will not be running.
RoslynAnalysisRunner has terminated.
Mono: successfully reloaded assembly
- Completed reload, in  2.149 seconds
Platform modules already initialized, skipping
Refreshing native plugins compatible for Editor in 1.03 ms, found 1 plugins.
Preloading 0 native plugins for Editor in 0.00 ms.
Unloading 1793 Unused Serialized files (Serialized files now loaded: 0)
System memory in use before: 87.4 MB.
System memory in use after: 87.4 MB.

Unloading 12 unused Assets to reduce memory usage. Loaded Objects now: 2258.
Total: 5.216400 ms (FindLiveObjects: 1.448100 ms CreateObjectMapping: 0.785300 ms MarkObjects: 2.264900 ms  DeleteObjects: 0.716200 ms)

========================================================================
Received Prepare
Registering precompiled user dll's ...
Registered in 0.003487 seconds.
Begin MonoManager ReloadAssembly
Native extension for LinuxStandalone target not found
Native extension for WindowsStandalone target not found
Native extension for OSXStandalone target not found
Native extension for WebGL target not found
Refreshing native plugins compatible for Editor in 0.41 ms, found 1 plugins.
Preloading 0 native plugins for Editor in 0.00 ms.
Invoked RoslynAnalysisRunner static constructor.
RoslynAnalysisRunner will not be running.
RoslynAnalysisRunner has terminated.
Mono: successfully reloaded assembly
- Completed reload, in  1.272 seconds
Platform modules already initialized, skipping
Refreshing native plugins compatible for Editor in 0.66 ms, found 1 plugins.
Preloading 0 native plugins for Editor in 0.00 ms.
Unloading 1793 Unused Serialized files (Serialized files now loaded: 0)
System memory in use before: 87.5 MB.
System memory in use after: 87.5 MB.

Unloading 12 unused Assets to reduce memory usage. Loaded Objects now: 2261.
Total: 2.959900 ms (FindLiveObjects: 0.311100 ms CreateObjectMapping: 0.098300 ms MarkObjects: 2.382900 ms  DeleteObjects: 0.164800 ms)

========================================================================
Received Prepare
Registering precompiled user dll's ...
Registered in 0.001866 seconds.
Begin MonoManager ReloadAssembly
Native extension for LinuxStandalone target not found
Native extension for WindowsStandalone target not found
Native extension for OSXStandalone target not found
Native extension for WebGL target not found
Refreshing native plugins compatible for Editor in 0.44 ms, found 1 plugins.
Preloading 0 native plugins for Editor in 0.00 ms.
Invoked RoslynAnalysisRunner static constructor.
RoslynAnalysisRunner will not be running.
RoslynAnalysisRunner has terminated.
Mono: successfully reloaded assembly
- Completed reload, in  1.022 seconds
Platform modules already initialized, skipping
Refreshing native plugins compatible for Editor in 0.83 ms, found 1 plugins.
Preloading 0 native plugins for Editor in 0.00 ms.
Unloading 1793 Unused Serialized files (Serialized files now loaded: 0)
System memory in use before: 87.6 MB.
System memory in use after: 87.6 MB.

Unloading 12 unused Assets to reduce memory usage. Loaded Objects now: 2264.
Total: 4.484900 ms (FindLiveObjects: 0.244700 ms CreateObjectMapping: 0.098100 ms MarkObjects: 3.051800 ms  DeleteObjects: 1.087400 ms)

========================================================================
Received Import Request.
  Time since last request: 202.044410 seconds.
  path: Assets/Prefab/BloqueFecha.prefab
  artifactKey: Guid(e4d2817edd927d8409228819b2127a11) Importer(815301076,1909f56bfc062723c751e8b465ee728b)
Start importing Assets/Prefab/BloqueFecha.prefab using Guid(e4d2817edd927d8409228819b2127a11) Importer(815301076,1909f56bfc062723c751e8b465ee728b)  -> (artifact id: '687e50f3db8f0d210be11a7fd449cc75') in 0.084889 seconds
  Import took 0.088479 seconds .

========================================================================
Received Prepare
Registering precompiled user dll's ...
Registered in 0.001108 seconds.
Begin MonoManager ReloadAssembly
Native extension for LinuxStandalone target not found
Native extension for WindowsStandalone target not found
Native extension for OSXStandalone target not found
Native extension for WebGL target not found
Refreshing native plugins compatible for Editor in 0.41 ms, found 1 plugins.
Preloading 0 native plugins for Editor in 0.00 ms.
Invoked RoslynAnalysisRunner static constructor.
RoslynAnalysisRunner will not be running.
RoslynAnalysisRunner has terminated.
Mono: successfully reloaded assembly
- Completed reload, in  1.100 seconds
Platform modules already initialized, skipping
Refreshing native plugins compatible for Editor in 0.41 ms, found 1 plugins.
Preloading 0 native plugins for Editor in 0.00 ms.
Unloading 1793 Unused Serialized files (Serialized files now loaded: 0)
System memory in use before: 87.6 MB.
System memory in use after: 87.6 MB.

Unloading 12 unused Assets to reduce memory usage. Loaded Objects now: 2268.
Total: 6.153100 ms (FindLiveObjects: 3.177200 ms CreateObjectMapping: 0.189900 ms MarkObjects: 2.680600 ms  DeleteObjects: 0.103500 ms)

========================================================================
Received Prepare
Registering precompiled user dll's ...
Registered in 0.001132 seconds.
Begin MonoManager ReloadAssembly
Native extension for LinuxStandalone target not found
Native extension for WindowsStandalone target not found
Native extension for OSXStandalone target not found
Native extension for WebGL target not found
Refreshing native plugins compatible for Editor in 0.37 ms, found 1 plugins.
Preloading 0 native plugins for Editor in 0.00 ms.
Invoked RoslynAnalysisRunner static constructor.
RoslynAnalysisRunner will not be running.
RoslynAnalysisRunner has terminated.
Mono: successfully reloaded assembly
- Completed reload, in  1.318 seconds
Platform modules already initialized, skipping
Refreshing native plugins compatible for Editor in 0.47 ms, found 1 plugins.
Preloading 0 native plugins for Editor in 0.00 ms.
Unloading 1793 Unused Serialized files (Serialized files now loaded: 0)
System memory in use before: 87.7 MB.
System memory in use after: 87.7 MB.

Unloading 12 unused Assets to reduce memory usage. Loaded Objects now: 2271.
Total: 2.671600 ms (FindLiveObjects: 0.324400 ms CreateObjectMapping: 0.092200 ms MarkObjects: 2.133400 ms  DeleteObjects: 0.119600 ms)

========================================================================
Received Prepare
Registering precompiled user dll's ...
Registered in 0.003915 seconds.
Begin MonoManager ReloadAssembly
Native extension for LinuxStandalone target not found
Native extension for WindowsStandalone target not found
Native extension for OSXStandalone target not found
Native extension for WebGL target not found
Refreshing native plugins compatible for Editor in 0.52 ms, found 1 plugins.
Preloading 0 native plugins for Editor in 0.00 ms.
Invoked RoslynAnalysisRunner static constructor.
RoslynAnalysisRunner will not be running.
RoslynAnalysisRunner has terminated.
Mono: successfully reloaded assembly
- Completed reload, in  1.262 seconds
Platform modules already initialized, skipping
Refreshing native plugins compatible for Editor in 0.78 ms, found 1 plugins.
Preloading 0 native plugins for Editor in 0.00 ms.
Unloading 1793 Unused Serialized files (Serialized files now loaded: 0)
System memory in use before: 87.8 MB.
System memory in use after: 87.8 MB.

Unloading 12 unused Assets to reduce memory usage. Loaded Objects now: 2274.
Total: 2.176100 ms (FindLiveObjects: 0.238500 ms CreateObjectMapping: 0.078200 ms MarkObjects: 1.742900 ms  DeleteObjects: 0.114800 ms)

========================================================================
Received Prepare
Registering precompiled user dll's ...
Registered in 0.001086 seconds.
Begin MonoManager ReloadAssembly
Native extension for LinuxStandalone target not found
Native extension for WindowsStandalone target not found
Native extension for OSXStandalone target not found
Native extension for WebGL target not found
Refreshing native plugins compatible for Editor in 0.40 ms, found 1 plugins.
Preloading 0 native plugins for Editor in 0.00 ms.
Invoked RoslynAnalysisRunner static constructor.
RoslynAnalysisRunner will not be running.
RoslynAnalysisRunner has terminated.
Mono: successfully reloaded assembly
- Completed reload, in  1.095 seconds
Platform modules already initialized, skipping
Refreshing native plugins compatible for Editor in 0.40 ms, found 1 plugins.
Preloading 0 native plugins for Editor in 0.00 ms.
Unloading 1793 Unused Serialized files (Serialized files now loaded: 0)
System memory in use before: 87.9 MB.
System memory in use after: 87.9 MB.

Unloading 12 unused Assets to reduce memory usage. Loaded Objects now: 2277.
Total: 3.675000 ms (FindLiveObjects: 0.772300 ms CreateObjectMapping: 0.642000 ms MarkObjects: 2.146900 ms  DeleteObjects: 0.111400 ms)

========================================================================
Received Prepare
Registering precompiled user dll's ...
Registered in 0.001434 seconds.
Begin MonoManager ReloadAssembly
Native extension for LinuxStandalone target not found
Native extension for WindowsStandalone target not found
Native extension for OSXStandalone target not found
Native extension for WebGL target not found
Refreshing native plugins compatible for Editor in 0.43 ms, found 1 plugins.
Preloading 0 native plugins for Editor in 0.00 ms.
Invoked RoslynAnalysisRunner static constructor.
RoslynAnalysisRunner will not be running.
RoslynAnalysisRunner has terminated.
Mono: successfully reloaded assembly
- Completed reload, in  0.976 seconds
Platform modules already initialized, skipping
Refreshing native plugins compatible for Editor in 0.51 ms, found 1 plugins.
Preloading 0 native plugins for Editor in 0.00 ms.
Unloading 1793 Unused Serialized files (Serialized files now loaded: 0)
System memory in use before: 87.9 MB.
System memory in use after: 87.9 MB.

Unloading 12 unused Assets to reduce memory usage. Loaded Objects now: 2280.
Total: 2.684000 ms (FindLiveObjects: 0.265500 ms CreateObjectMapping: 0.094400 ms MarkObjects: 2.190300 ms  DeleteObjects: 0.131200 ms)

========================================================================
Received Prepare
Registering precompiled user dll's ...
Registered in 0.001837 seconds.
Begin MonoManager ReloadAssembly
Native extension for LinuxStandalone target not found
Native extension for WindowsStandalone target not found
Native extension for OSXStandalone target not found
Native extension for WebGL target not found
Refreshing native plugins compatible for Editor in 0.45 ms, found 1 plugins.
Preloading 0 native plugins for Editor in 0.00 ms.
Invoked RoslynAnalysisRunner static constructor.
RoslynAnalysisRunner will not be running.
RoslynAnalysisRunner has terminated.
Mono: successfully reloaded assembly
- Completed reload, in  1.282 seconds
Platform modules already initialized, skipping
Refreshing native plugins compatible for Editor in 0.42 ms, found 1 plugins.
Preloading 0 native plugins for Editor in 0.00 ms.
Unloading 1793 Unused Serialized files (Serialized files now loaded: 0)
System memory in use before: 88.0 MB.
System memory in use after: 88.0 MB.

Unloading 12 unused Assets to reduce memory usage. Loaded Objects now: 2283.
Total: 2.506100 ms (FindLiveObjects: 0.341400 ms CreateObjectMapping: 0.109800 ms MarkObjects: 1.912400 ms  DeleteObjects: 0.140700 ms)

========================================================================
Received Prepare
Registering precompiled user dll's ...
Registered in 0.002787 seconds.
Begin MonoManager ReloadAssembly
Native extension for LinuxStandalone target not found
Native extension for WindowsStandalone target not found
Native extension for OSXStandalone target not found
Native extension for WebGL target not found
Refreshing native plugins compatible for Editor in 2.51 ms, found 1 plugins.
Preloading 0 native plugins for Editor in 0.00 ms.
Invoked RoslynAnalysisRunner static constructor.
RoslynAnalysisRunner will not be running.
RoslynAnalysisRunner has terminated.
Mono: successfully reloaded assembly
- Completed reload, in  4.320 seconds
Platform modules already initialized, skipping
Refreshing native plugins compatible for Editor in 0.84 ms, found 1 plugins.
Preloading 0 native plugins for Editor in 0.00 ms.
Unloading 1793 Unused Serialized files (Serialized files now loaded: 0)
System memory in use before: 88.1 MB.
System memory in use after: 88.1 MB.

Unloading 12 unused Assets to reduce memory usage. Loaded Objects now: 2286.
Total: 11.405200 ms (FindLiveObjects: 5.232400 ms CreateObjectMapping: 1.031100 ms MarkObjects: 5.001500 ms  DeleteObjects: 0.137500 ms)

========================================================================
Received Import Request.
  Time since last request: 920.458886 seconds.
  path: Assets/Scenes
  artifactKey: Guid(e18c5000066f90941a398105933e7b10) Importer(815301076,1909f56bfc062723c751e8b465ee728b)
Start importing Assets/Scenes using Guid(e18c5000066f90941a398105933e7b10) Importer(815301076,1909f56bfc062723c751e8b465ee728b)  -> (artifact id: '6a2c28caa332f55695eba8e213172f08') in 0.189290 seconds
  Import took 0.193397 seconds .

========================================================================
Received Import Request.
  Time since last request: 6.078202 seconds.
  path: Assets/Scenes
  artifactKey: Guid(e18c5000066f90941a398105933e7b10) Importer(815301076,1909f56bfc062723c751e8b465ee728b)
Start importing Assets/Scenes using Guid(e18c5000066f90941a398105933e7b10) Importer(815301076,1909f56bfc062723c751e8b465ee728b)  -> (artifact id: '6a2c28caa332f55695eba8e213172f08') in 0.193978 seconds
  Import took 0.197885 seconds .

========================================================================
Received Import Request.
  Time since last request: 26.268826 seconds.
  path: Assets/Scenes/RestartPlayerPrefs.unity
  artifactKey: Guid(3eee507056c49b9449d69e53a211655d) Importer(815301076,1909f56bfc062723c751e8b465ee728b)
Start importing Assets/Scenes/RestartPlayerPrefs.unity using Guid(3eee507056c49b9449d69e53a211655d) Importer(815301076,1909f56bfc062723c751e8b465ee728b)  -> (artifact id: '452fb449c79c672cbdf8aa925b6e7091') in 0.021798 seconds
  Import took 0.027056 seconds .

========================================================================
Received Import Request.
  Time since last request: 2868.715789 seconds.
  path: Assets/Sounds
  artifactKey: Guid(6ad59ed3bc99fad4189828ad9e25a884) Importer(815301076,1909f56bfc062723c751e8b465ee728b)
Start importing Assets/Sounds using Guid(6ad59ed3bc99fad4189828ad9e25a884) Importer(815301076,1909f56bfc062723c751e8b465ee728b)  -> (artifact id: '031bd586fc03889b1648b9d2e4f92a74') in 0.016563 seconds
  Import took 0.037713 seconds .

========================================================================
Received Import Request.
  Time since last request: 320.530406 seconds.
  path: Assets/Scenes/Game.unity
  artifactKey: Guid(2cda990e2423bbf4892e6590ba056729) Importer(815301076,1909f56bfc062723c751e8b465ee728b)
Start importing Assets/Scenes/Game.unity using Guid(2cda990e2423bbf4892e6590ba056729) Importer(815301076,1909f56bfc062723c751e8b465ee728b)  -> (artifact id: '712fad8c573c4f5fc7d8c21274d97fd3') in 0.042938 seconds
  Import took 0.048206 seconds .

========================================================================
Received Prepare
Registering precompiled user dll's ...
Registered in 0.001035 seconds.
Begin MonoManager ReloadAssembly
Native extension for LinuxStandalone target not found
Native extension for WindowsStandalone target not found
Native extension for OSXStandalone target not found
Native extension for WebGL target not found
Refreshing native plugins compatible for Editor in 0.68 ms, found 1 plugins.
Preloading 0 native plugins for Editor in 0.00 ms.
Invoked RoslynAnalysisRunner static constructor.
RoslynAnalysisRunner will not be running.
RoslynAnalysisRunner has terminated.
Mono: successfully reloaded assembly
- Completed reload, in  2.195 seconds
Platform modules already initialized, skipping
Refreshing native plugins compatible for Editor in 0.62 ms, found 1 plugins.
Preloading 0 native plugins for Editor in 0.00 ms.
Unloading 1793 Unused Serialized files (Serialized files now loaded: 0)
System memory in use before: 88.2 MB.
System memory in use after: 88.2 MB.

Unloading 12 unused Assets to reduce memory usage. Loaded Objects now: 2289.
Total: 9.971700 ms (FindLiveObjects: 0.582500 ms CreateObjectMapping: 0.086200 ms MarkObjects: 9.126200 ms  DeleteObjects: 0.173000 ms)

========================================================================
Received Import Request.
  Time since last request: 146.172332 seconds.
  path: Assets/Prefab/player1.prefab
  artifactKey: Guid(fa788281e66894a428628d6ea73c691b) Importer(815301076,1909f56bfc062723c751e8b465ee728b)
Start importing Assets/Prefab/player1.prefab using Guid(fa788281e66894a428628d6ea73c691b) Importer(815301076,1909f56bfc062723c751e8b465ee728b)  -> (artifact id: 'acf7bd16c892a1be820693f9473bd369') in 0.200574 seconds
  Import took 0.206886 seconds .

========================================================================
Received Import Request.
  Time since last request: 4.717393 seconds.
  path: Assets/Prefab/player1.prefab
  artifactKey: Guid(fa788281e66894a428628d6ea73c691b) Importer(815301076,1909f56bfc062723c751e8b465ee728b)
Start importing Assets/Prefab/player1.prefab using Guid(fa788281e66894a428628d6ea73c691b) Importer(815301076,1909f56bfc062723c751e8b465ee728b)  -> (artifact id: 'fffb18d7a3ca86470fb86cb60951702a') in 0.088124 seconds
  Import took 0.116016 seconds .

========================================================================
Received Import Request.
  Time since last request: 11.708121 seconds.
  path: Assets/Prefab/player1.prefab
  artifactKey: Guid(fa788281e66894a428628d6ea73c691b) Importer(815301076,1909f56bfc062723c751e8b465ee728b)
Start importing Assets/Prefab/player1.prefab using Guid(fa788281e66894a428628d6ea73c691b) Importer(815301076,1909f56bfc062723c751e8b465ee728b)  -> (artifact id: 'd1937225f6206256a2bbcd49b3ff2c84') in 0.024725 seconds
  Import took 0.041290 seconds .

========================================================================
Received Import Request.
  Time since last request: 9.069742 seconds.
  path: Assets/Prefab/player1.prefab
  artifactKey: Guid(fa788281e66894a428628d6ea73c691b) Importer(815301076,1909f56bfc062723c751e8b465ee728b)
Start importing Assets/Prefab/player1.prefab using Guid(fa788281e66894a428628d6ea73c691b) Importer(815301076,1909f56bfc062723c751e8b465ee728b)  -> (artifact id: 'da8f1df51f08a0dec43e93d4e093aa56') in 0.020579 seconds
  Import took 0.037744 seconds .

========================================================================
Received Prepare
Registering precompiled user dll's ...
Registered in 0.002120 seconds.
Begin MonoManager ReloadAssembly
Native extension for LinuxStandalone target not found
Native extension for WindowsStandalone target not found
Native extension for OSXStandalone target not found
Native extension for WebGL target not found
Refreshing native plugins compatible for Editor in 0.41 ms, found 1 plugins.
Preloading 0 native plugins for Editor in 0.00 ms.
Invoked RoslynAnalysisRunner static constructor.
RoslynAnalysisRunner will not be running.
RoslynAnalysisRunner has terminated.
Mono: successfully reloaded assembly
- Completed reload, in  1.413 seconds
Platform modules already initialized, skipping
Refreshing native plugins compatible for Editor in 0.43 ms, found 1 plugins.
Preloading 0 native plugins for Editor in 0.00 ms.
Unloading 1793 Unused Serialized files (Serialized files now loaded: 0)
System memory in use before: 88.3 MB.
System memory in use after: 88.3 MB.

Unloading 12 unused Assets to reduce memory usage. Loaded Objects now: 2293.
Total: 2.485600 ms (FindLiveObjects: 0.233100 ms CreateObjectMapping: 0.075200 ms MarkObjects: 2.070600 ms  DeleteObjects: 0.105300 ms)

========================================================================
Received Import Request.
  Time since last request: 291.509891 seconds.
  path: Assets/Prefab/player1.prefab
  artifactKey: Guid(fa788281e66894a428628d6ea73c691b) Importer(815301076,1909f56bfc062723c751e8b465ee728b)
Start importing Assets/Prefab/player1.prefab using Guid(fa788281e66894a428628d6ea73c691b) Importer(815301076,1909f56bfc062723c751e8b465ee728b)  -> (artifact id: '3c0917aae9febd7f776dcccb12272af9') in 0.165578 seconds
  Import took 0.170136 seconds .

========================================================================
Received Prepare
Registering precompiled user dll's ...
Registered in 0.001183 seconds.
Begin MonoManager ReloadAssembly
Native extension for LinuxStandalone target not found
Native extension for WindowsStandalone target not found
Native extension for OSXStandalone target not found
Native extension for WebGL target not found
Refreshing native plugins compatible for Editor in 0.69 ms, found 1 plugins.
Preloading 0 native plugins for Editor in 0.00 ms.
Invoked RoslynAnalysisRunner static constructor.
RoslynAnalysisRunner will not be running.
RoslynAnalysisRunner has terminated.
Mono: successfully reloaded assembly
- Completed reload, in  1.596 seconds
Platform modules already initialized, skipping
Refreshing native plugins compatible for Editor in 0.99 ms, found 1 plugins.
Preloading 0 native plugins for Editor in 0.00 ms.
Unloading 1793 Unused Serialized files (Serialized files now loaded: 0)
System memory in use before: 88.4 MB.
System memory in use after: 88.4 MB.

Unloading 12 unused Assets to reduce memory usage. Loaded Objects now: 2297.
Total: 4.335500 ms (FindLiveObjects: 0.439800 ms CreateObjectMapping: 0.870200 ms MarkObjects: 2.891800 ms  DeleteObjects: 0.132200 ms)

========================================================================
Received Prepare
Registering precompiled user dll's ...
Registered in 0.003526 seconds.
Begin MonoManager ReloadAssembly
Native extension for LinuxStandalone target not found
Native extension for WindowsStandalone target not found
Native extension for OSXStandalone target not found
Native extension for WebGL target not found
Refreshing native plugins compatible for Editor in 1.68 ms, found 1 plugins.
Preloading 0 native plugins for Editor in 0.00 ms.
Invoked RoslynAnalysisRunner static constructor.
RoslynAnalysisRunner will not be running.
RoslynAnalysisRunner has terminated.
Mono: successfully reloaded assembly
- Completed reload, in  1.240 seconds
Platform modules already initialized, skipping
Refreshing native plugins compatible for Editor in 0.42 ms, found 1 plugins.
Preloading 0 native plugins for Editor in 0.00 ms.
Unloading 1793 Unused Serialized files (Serialized files now loaded: 0)
System memory in use before: 88.4 MB.
System memory in use after: 88.4 MB.

Unloading 12 unused Assets to reduce memory usage. Loaded Objects now: 2300.
Total: 4.185600 ms (FindLiveObjects: 0.292500 ms CreateObjectMapping: 0.112000 ms MarkObjects: 3.650800 ms  DeleteObjects: 0.127800 ms)

========================================================================
Received Prepare
Registering precompiled user dll's ...
Registered in 0.004046 seconds.
Begin MonoManager ReloadAssembly
Native extension for LinuxStandalone target not found
Native extension for WindowsStandalone target not found
Native extension for OSXStandalone target not found
Native extension for WebGL target not found
Refreshing native plugins compatible for Editor in 0.62 ms, found 1 plugins.
Preloading 0 native plugins for Editor in 0.00 ms.
Invoked RoslynAnalysisRunner static constructor.
RoslynAnalysisRunner will not be running.
RoslynAnalysisRunner has terminated.
Mono: successfully reloaded assembly
- Completed reload, in  1.421 seconds
Platform modules already initialized, skipping
Refreshing native plugins compatible for Editor in 1.71 ms, found 1 plugins.
Preloading 0 native plugins for Editor in 0.00 ms.
Unloading 1793 Unused Serialized files (Serialized files now loaded: 0)
System memory in use before: 88.5 MB.
System memory in use after: 88.5 MB.

Unloading 12 unused Assets to reduce memory usage. Loaded Objects now: 2303.
Total: 2.599900 ms (FindLiveObjects: 0.231800 ms CreateObjectMapping: 0.090700 ms MarkObjects: 2.170000 ms  DeleteObjects: 0.105500 ms)

========================================================================
Received Import Request.
  Time since last request: 153.929362 seconds.
  path: Assets/Prefab/BloqueFecha.prefab
  artifactKey: Guid(e4d2817edd927d8409228819b2127a11) Importer(815301076,1909f56bfc062723c751e8b465ee728b)
Start importing Assets/Prefab/BloqueFecha.prefab using Guid(e4d2817edd927d8409228819b2127a11) Importer(815301076,1909f56bfc062723c751e8b465ee728b)  -> (artifact id: '4a3087c40c20866f9bdefdca381aa4bd') in 0.177984 seconds
  Import took 0.185189 seconds .

========================================================================
Received Import Request.
  Time since last request: 5.093631 seconds.
  path: Assets/Prefab/BloqueFecha.prefab
  artifactKey: Guid(e4d2817edd927d8409228819b2127a11) Importer(815301076,1909f56bfc062723c751e8b465ee728b)
Start importing Assets/Prefab/BloqueFecha.prefab using Guid(e4d2817edd927d8409228819b2127a11) Importer(815301076,1909f56bfc062723c751e8b465ee728b)  -> (artifact id: '99b741b75ac7940475fa552fb8b311bf') in 0.041526 seconds
  Import took 0.056023 seconds .

========================================================================
Received Prepare
Registering precompiled user dll's ...
Registered in 0.004775 seconds.
Begin MonoManager ReloadAssembly
Native extension for LinuxStandalone target not found
Native extension for WindowsStandalone target not found
Native extension for OSXStandalone target not found
Native extension for WebGL target not found
Refreshing native plugins compatible for Editor in 1.56 ms, found 1 plugins.
Preloading 0 native plugins for Editor in 0.00 ms.
Invoked RoslynAnalysisRunner static constructor.
RoslynAnalysisRunner will not be running.
RoslynAnalysisRunner has terminated.
Mono: successfully reloaded assembly
- Completed reload, in  1.305 seconds
Platform modules already initialized, skipping
Refreshing native plugins compatible for Editor in 0.48 ms, found 1 plugins.
Preloading 0 native plugins for Editor in 0.00 ms.
Unloading 1793 Unused Serialized files (Serialized files now loaded: 0)
System memory in use before: 88.6 MB.
System memory in use after: 88.6 MB.

Unloading 12 unused Assets to reduce memory usage. Loaded Objects now: 2307.
Total: 3.301200 ms (FindLiveObjects: 0.452000 ms CreateObjectMapping: 0.096100 ms MarkObjects: 2.638600 ms  DeleteObjects: 0.112300 ms)

========================================================================
Received Prepare
Registering precompiled user dll's ...
Registered in 0.001905 seconds.
Begin MonoManager ReloadAssembly
Native extension for LinuxStandalone target not found
Native extension for WindowsStandalone target not found
Native extension for OSXStandalone target not found
Native extension for WebGL target not found
Refreshing native plugins compatible for Editor in 0.68 ms, found 1 plugins.
Preloading 0 native plugins for Editor in 0.00 ms.
Invoked RoslynAnalysisRunner static constructor.
RoslynAnalysisRunner will not be running.
RoslynAnalysisRunner has terminated.
Mono: successfully reloaded assembly
- Completed reload, in  1.464 seconds
Platform modules already initialized, skipping
Refreshing native plugins compatible for Editor in 0.87 ms, found 1 plugins.
Preloading 0 native plugins for Editor in 0.00 ms.
Unloading 1793 Unused Serialized files (Serialized files now loaded: 0)
System memory in use before: 88.7 MB.
System memory in use after: 88.7 MB.

Unloading 12 unused Assets to reduce memory usage. Loaded Objects now: 2310.
Total: 3.084700 ms (FindLiveObjects: 0.251500 ms CreateObjectMapping: 0.069200 ms MarkObjects: 2.652200 ms  DeleteObjects: 0.109800 ms)

========================================================================
Received Import Request.
  Time since last request: 176.900707 seconds.
  path: Assets/Prefab/player1.prefab
  artifactKey: Guid(fa788281e66894a428628d6ea73c691b) Importer(815301076,1909f56bfc062723c751e8b465ee728b)
Start importing Assets/Prefab/player1.prefab using Guid(fa788281e66894a428628d6ea73c691b) Importer(815301076,1909f56bfc062723c751e8b465ee728b)  -> (artifact id: '62af6ecf822b34cd3b8f7f2f12854f51') in 0.073995 seconds
  Import took 0.079594 seconds .

========================================================================
Received Prepare
Registering precompiled user dll's ...
Registered in 0.004072 seconds.
Begin MonoManager ReloadAssembly
Native extension for LinuxStandalone target not found
Native extension for WindowsStandalone target not found
Native extension for OSXStandalone target not found
Native extension for WebGL target not found
Refreshing native plugins compatible for Editor in 0.38 ms, found 1 plugins.
Preloading 0 native plugins for Editor in 0.00 ms.
Invoked RoslynAnalysisRunner static constructor.
RoslynAnalysisRunner will not be running.
RoslynAnalysisRunner has terminated.
Mono: successfully reloaded assembly
- Completed reload, in  1.779 seconds
Platform modules already initialized, skipping
Refreshing native plugins compatible for Editor in 0.84 ms, found 1 plugins.
Preloading 0 native plugins for Editor in 0.00 ms.
Unloading 1793 Unused Serialized files (Serialized files now loaded: 0)
System memory in use before: 88.7 MB.
System memory in use after: 88.7 MB.

Unloading 12 unused Assets to reduce memory usage. Loaded Objects now: 2314.
Total: 3.503600 ms (FindLiveObjects: 0.814800 ms CreateObjectMapping: 0.514000 ms MarkObjects: 2.061700 ms  DeleteObjects: 0.111500 ms)

========================================================================
Received Prepare
Registering precompiled user dll's ...
Registered in 0.006848 seconds.
Begin MonoManager ReloadAssembly
Native extension for LinuxStandalone target not found
Native extension for WindowsStandalone target not found
Native extension for OSXStandalone target not found
Native extension for WebGL target not found
Refreshing native plugins compatible for Editor in 0.93 ms, found 1 plugins.
Preloading 0 native plugins for Editor in 0.00 ms.
Invoked RoslynAnalysisRunner static constructor.
RoslynAnalysisRunner will not be running.
RoslynAnalysisRunner has terminated.
Mono: successfully reloaded assembly
- Completed reload, in  1.931 seconds
Platform modules already initialized, skipping
Refreshing native plugins compatible for Editor in 0.54 ms, found 1 plugins.
Preloading 0 native plugins for Editor in 0.00 ms.
Unloading 1793 Unused Serialized files (Serialized files now loaded: 0)
System memory in use before: 88.8 MB.
System memory in use after: 88.8 MB.

Unloading 12 unused Assets to reduce memory usage. Loaded Objects now: 2317.
Total: 4.960000 ms (FindLiveObjects: 0.431600 ms CreateObjectMapping: 0.072600 ms MarkObjects: 4.116300 ms  DeleteObjects: 0.337500 ms)

========================================================================
Received Prepare
Registering precompiled user dll's ...
Registered in 0.004619 seconds.
Begin MonoManager ReloadAssembly
Native extension for LinuxStandalone target not found
Native extension for WindowsStandalone target not found
Native extension for OSXStandalone target not found
Native extension for WebGL target not found
Refreshing native plugins compatible for Editor in 0.52 ms, found 1 plugins.
Preloading 0 native plugins for Editor in 0.00 ms.
Invoked RoslynAnalysisRunner static constructor.
RoslynAnalysisRunner will not be running.
RoslynAnalysisRunner has terminated.
Mono: successfully reloaded assembly
- Completed reload, in  1.108 seconds
Platform modules already initialized, skipping
Refreshing native plugins compatible for Editor in 0.45 ms, found 1 plugins.
Preloading 0 native plugins for Editor in 0.00 ms.
Unloading 1793 Unused Serialized files (Serialized files now loaded: 0)
System memory in use before: 88.9 MB.
System memory in use after: 88.9 MB.

Unloading 12 unused Assets to reduce memory usage. Loaded Objects now: 2320.
Total: 2.654600 ms (FindLiveObjects: 0.377400 ms CreateObjectMapping: 0.103500 ms MarkObjects: 2.060300 ms  DeleteObjects: 0.111900 ms)

========================================================================
Received Prepare
Registering precompiled user dll's ...
Registered in 0.001173 seconds.
Begin MonoManager ReloadAssembly
Native extension for LinuxStandalone target not found
Native extension for WindowsStandalone target not found
Native extension for OSXStandalone target not found
Native extension for WebGL target not found
Refreshing native plugins compatible for Editor in 0.36 ms, found 1 plugins.
Preloading 0 native plugins for Editor in 0.00 ms.
Invoked RoslynAnalysisRunner static constructor.
RoslynAnalysisRunner will not be running.
RoslynAnalysisRunner has terminated.
Mono: successfully reloaded assembly
- Completed reload, in  2.027 seconds
Platform modules already initialized, skipping
Refreshing native plugins compatible for Editor in 0.44 ms, found 1 plugins.
Preloading 0 native plugins for Editor in 0.00 ms.
Unloading 1793 Unused Serialized files (Serialized files now loaded: 0)
System memory in use before: 89.0 MB.
System memory in use after: 89.0 MB.

Unloading 12 unused Assets to reduce memory usage. Loaded Objects now: 2323.
Total: 2.675600 ms (FindLiveObjects: 0.429200 ms CreateObjectMapping: 0.137800 ms MarkObjects: 1.981700 ms  DeleteObjects: 0.124000 ms)

========================================================================
Received Prepare
Registering precompiled user dll's ...
Registered in 0.001246 seconds.
Begin MonoManager ReloadAssembly
Native extension for LinuxStandalone target not found
Native extension for WindowsStandalone target not found
Native extension for OSXStandalone target not found
Native extension for WebGL target not found
Refreshing native plugins compatible for Editor in 2.12 ms, found 1 plugins.
Preloading 0 native plugins for Editor in 0.00 ms.
Invoked RoslynAnalysisRunner static constructor.
RoslynAnalysisRunner will not be running.
RoslynAnalysisRunner has terminated.
Mono: successfully reloaded assembly
- Completed reload, in  1.497 seconds
Platform modules already initialized, skipping
Refreshing native plugins compatible for Editor in 0.78 ms, found 1 plugins.
Preloading 0 native plugins for Editor in 0.00 ms.
Unloading 1793 Unused Serialized files (Serialized files now loaded: 0)
System memory in use before: 89.0 MB.
System memory in use after: 89.0 MB.

Unloading 12 unused Assets to reduce memory usage. Loaded Objects now: 2326.
Total: 2.722900 ms (FindLiveObjects: 0.244800 ms CreateObjectMapping: 0.246900 ms MarkObjects: 2.120800 ms  DeleteObjects: 0.109000 ms)

========================================================================
Received Prepare
Registering precompiled user dll's ...
Registered in 0.001450 seconds.
Begin MonoManager ReloadAssembly
Native extension for LinuxStandalone target not found
Native extension for WindowsStandalone target not found
Native extension for OSXStandalone target not found
Native extension for WebGL target not found
Refreshing native plugins compatible for Editor in 0.60 ms, found 1 plugins.
Preloading 0 native plugins for Editor in 0.00 ms.
Invoked RoslynAnalysisRunner static constructor.
RoslynAnalysisRunner will not be running.
RoslynAnalysisRunner has terminated.
Mono: successfully reloaded assembly
- Completed reload, in  1.464 seconds
Platform modules already initialized, skipping
Refreshing native plugins compatible for Editor in 0.60 ms, found 1 plugins.
Preloading 0 native plugins for Editor in 0.00 ms.
Unloading 1793 Unused Serialized files (Serialized files now loaded: 0)
System memory in use before: 89.1 MB.
System memory in use after: 89.1 MB.

Unloading 12 unused Assets to reduce memory usage. Loaded Objects now: 2329.
Total: 2.506400 ms (FindLiveObjects: 0.232600 ms CreateObjectMapping: 0.075600 ms MarkObjects: 2.087200 ms  DeleteObjects: 0.109400 ms)

========================================================================
Received Import Request.
  Time since last request: 629.823119 seconds.
  path: Assets/Prefab/BloqueFecha.prefab
  artifactKey: Guid(e4d2817edd927d8409228819b2127a11) Importer(815301076,1909f56bfc062723c751e8b465ee728b)
Start importing Assets/Prefab/BloqueFecha.prefab using Guid(e4d2817edd927d8409228819b2127a11) Importer(815301076,1909f56bfc062723c751e8b465ee728b)  -> (artifact id: '6d89c02a35b37b63ec47bc3d3da60e7e') in 0.101386 seconds
  Import took 0.105990 seconds .

========================================================================
Received Prepare
Registering precompiled user dll's ...
Registered in 0.001641 seconds.
Begin MonoManager ReloadAssembly
Native extension for LinuxStandalone target not found
Native extension for WindowsStandalone target not found
Native extension for OSXStandalone target not found
Native extension for WebGL target not found
Refreshing native plugins compatible for Editor in 0.60 ms, found 1 plugins.
Preloading 0 native plugins for Editor in 0.00 ms.
Invoked RoslynAnalysisRunner static constructor.
RoslynAnalysisRunner will not be running.
RoslynAnalysisRunner has terminated.
Mono: successfully reloaded assembly
- Completed reload, in  1.656 seconds
Platform modules already initialized, skipping
Refreshing native plugins compatible for Editor in 0.47 ms, found 1 plugins.
Preloading 0 native plugins for Editor in 0.00 ms.
Unloading 1793 Unused Serialized files (Serialized files now loaded: 0)
System memory in use before: 89.2 MB.
System memory in use after: 89.2 MB.

Unloading 12 unused Assets to reduce memory usage. Loaded Objects now: 2333.
Total: 2.632000 ms (FindLiveObjects: 0.247200 ms CreateObjectMapping: 0.083500 ms MarkObjects: 2.179200 ms  DeleteObjects: 0.120400 ms)

========================================================================
Received Import Request.
  Time since last request: 16.067829 seconds.
  path: Assets/Prefab/BloqueFecha.prefab
  artifactKey: Guid(e4d2817edd927d8409228819b2127a11) Importer(815301076,1909f56bfc062723c751e8b465ee728b)
Start importing Assets/Prefab/BloqueFecha.prefab using Guid(e4d2817edd927d8409228819b2127a11) Importer(815301076,1909f56bfc062723c751e8b465ee728b)  -> (artifact id: 'ef2b2f089541b5996d879cb8409cfce3') in 0.091163 seconds
  Import took 0.095257 seconds .

========================================================================
Received Prepare
Registering precompiled user dll's ...
Registered in 0.001828 seconds.
Begin MonoManager ReloadAssembly
Native extension for LinuxStandalone target not found
Native extension for WindowsStandalone target not found
Native extension for OSXStandalone target not found
Native extension for WebGL target not found
Refreshing native plugins compatible for Editor in 0.41 ms, found 1 plugins.
Preloading 0 native plugins for Editor in 0.00 ms.
Invoked RoslynAnalysisRunner static constructor.
RoslynAnalysisRunner will not be running.
RoslynAnalysisRunner has terminated.
Mono: successfully reloaded assembly
- Completed reload, in  1.116 seconds
Platform modules already initialized, skipping
Refreshing native plugins compatible for Editor in 0.44 ms, found 1 plugins.
Preloading 0 native plugins for Editor in 0.00 ms.
Unloading 1793 Unused Serialized files (Serialized files now loaded: 0)
System memory in use before: 89.3 MB.
System memory in use after: 89.3 MB.

Unloading 12 unused Assets to reduce memory usage. Loaded Objects now: 2337.
Total: 3.651300 ms (FindLiveObjects: 0.278000 ms CreateObjectMapping: 0.107800 ms MarkObjects: 3.143200 ms  DeleteObjects: 0.114800 ms)

========================================================================
Received Import Request.
  Time since last request: 20.309482 seconds.
  path: Assets/Prefab/BloqueFecha.prefab
  artifactKey: Guid(e4d2817edd927d8409228819b2127a11) Importer(815301076,1909f56bfc062723c751e8b465ee728b)
Start importing Assets/Prefab/BloqueFecha.prefab using Guid(e4d2817edd927d8409228819b2127a11) Importer(815301076,1909f56bfc062723c751e8b465ee728b)  -> (artifact id: '436e1a0b04945c682eec550339b63bcb') in 0.216264 seconds
  Import took 0.220216 seconds .

========================================================================
Received Prepare
Registering precompiled user dll's ...
Registered in 0.001187 seconds.
Begin MonoManager ReloadAssembly
Native extension for LinuxStandalone target not found
Native extension for WindowsStandalone target not found
Native extension for OSXStandalone target not found
Native extension for WebGL target not found
Refreshing native plugins compatible for Editor in 0.40 ms, found 1 plugins.
Preloading 0 native plugins for Editor in 0.00 ms.
Invoked RoslynAnalysisRunner static constructor.
RoslynAnalysisRunner will not be running.
RoslynAnalysisRunner has terminated.
Mono: successfully reloaded assembly
- Completed reload, in  1.399 seconds
Platform modules already initialized, skipping
Refreshing native plugins compatible for Editor in 0.36 ms, found 1 plugins.
Preloading 0 native plugins for Editor in 0.00 ms.
Unloading 1793 Unused Serialized files (Serialized files now loaded: 0)
System memory in use before: 89.3 MB.
System memory in use after: 89.3 MB.

Unloading 12 unused Assets to reduce memory usage. Loaded Objects now: 2341.
Total: 3.384900 ms (FindLiveObjects: 0.439600 ms CreateObjectMapping: 0.111000 ms MarkObjects: 2.649500 ms  DeleteObjects: 0.182400 ms)

========================================================================
Received Import Request.
  Time since last request: 19.808671 seconds.
  path: Assets/Prefab/BloqueFecha.prefab
  artifactKey: Guid(e4d2817edd927d8409228819b2127a11) Importer(815301076,1909f56bfc062723c751e8b465ee728b)
Start importing Assets/Prefab/BloqueFecha.prefab using Guid(e4d2817edd927d8409228819b2127a11) Importer(815301076,1909f56bfc062723c751e8b465ee728b)  -> (artifact id: 'eefb4b806fdadb299a57bffbc146b190') in 0.131500 seconds
  Import took 0.135321 seconds .

